Determining if the pthread_create exist failed with the following output:
Change Dir: /home/tang/desktop/untitled/cmake-build-debug/CMakeFiles/CMakeTmp

Run Build Command:"/usr/bin/make" "cmTC_3f8c0/fast"
make[1]: 正在进入目录 `/home/tang/desktop/untitled/cmake-build-debug/CMakeFiles/CMakeTmp'
/usr/bin/make -f CMakeFiles/cmTC_3f8c0.dir/build.make CMakeFiles/cmTC_3f8c0.dir/build
make[2]: 正在进入目录 `/home/tang/desktop/untitled/cmake-build-debug/CMakeFiles/CMakeTmp'
Building C object CMakeFiles/cmTC_3f8c0.dir/CheckSymbolExists.c.o
/usr/bin/cc   -std=gnu99 -o CMakeFiles/cmTC_3f8c0.dir/CheckSymbolExists.c.o   -c /home/tang/desktop/untitled/cmake-build-debug/CMakeFiles/CMakeTmp/CheckSymbolExists.c
Linking C executable cmTC_3f8c0
/home/tang/下载/clion-2018.2.6/bin/cmake/linux/bin/cmake -E cmake_link_script CMakeFiles/cmTC_3f8c0.dir/link.txt --verbose=1
/usr/bin/cc      CMakeFiles/cmTC_3f8c0.dir/CheckSymbolExists.c.o  -o cmTC_3f8c0 
CMakeFiles/cmTC_3f8c0.dir/CheckSymbolExists.c.o：在函数‘main’中：
CheckSymbolExists.c:(.text+0x16)：对‘pthread_create’未定义的引用
collect2: error: ld returned 1 exit status
make[2]: *** [cmTC_3f8c0] 错误 1
make[2]:正在离开目录 `/home/tang/desktop/untitled/cmake-build-debug/CMakeFiles/CMakeTmp'
make[1]: *** [cmTC_3f8c0/fast] 错误 2
make[1]:正在离开目录 `/home/tang/desktop/untitled/cmake-build-debug/CMakeFiles/CMakeTmp'

File /home/tang/desktop/untitled/cmake-build-debug/CMakeFiles/CMakeTmp/CheckSymbolExists.c:
/* */
#include <pthread.h>

int main(int argc, char** argv)
{
  (void)argv;
#ifndef pthread_create
  return ((int*)(&pthread_create))[argc];
#else
  (void)argc;
  return 0;
#endif
}

Determining if the function pthread_create exists in the pthreads failed with the following output:
Change Dir: /home/tang/desktop/untitled/cmake-build-debug/CMakeFiles/CMakeTmp

Run Build Command:"/usr/bin/make" "cmTC_dd6e5/fast"
make[1]: 正在进入目录 `/home/tang/desktop/untitled/cmake-build-debug/CMakeFiles/CMakeTmp'
/usr/bin/make -f CMakeFiles/cmTC_dd6e5.dir/build.make CMakeFiles/cmTC_dd6e5.dir/build
make[2]: 正在进入目录 `/home/tang/desktop/untitled/cmake-build-debug/CMakeFiles/CMakeTmp'
Building C object CMakeFiles/cmTC_dd6e5.dir/CheckFunctionExists.c.o
/usr/bin/cc   -DCHECK_FUNCTION_EXISTS=pthread_create   -std=gnu99 -o CMakeFiles/cmTC_dd6e5.dir/CheckFunctionExists.c.o   -c /home/tang/下载/clion-2018.2.6/bin/cmake/linux/share/cmake-3.12/Modules/CheckFunctionExists.c
Linking C executable cmTC_dd6e5
/home/tang/下载/clion-2018.2.6/bin/cmake/linux/bin/cmake -E cmake_link_script CMakeFiles/cmTC_dd6e5.dir/link.txt --verbose=1
/usr/bin/cc  -DCHECK_FUNCTION_EXISTS=pthread_create    CMakeFiles/cmTC_dd6e5.dir/CheckFunctionExists.c.o  -o cmTC_dd6e5 -lpthreads 
/usr/bin/ld: 找不到 -lpthreads
collect2: error: ld returned 1 exit status
make[2]: *** [cmTC_dd6e5] 错误 1
make[2]:正在离开目录 `/home/tang/desktop/untitled/cmake-build-debug/CMakeFiles/CMakeTmp'
make[1]: *** [cmTC_dd6e5/fast] 错误 2
make[1]:正在离开目录 `/home/tang/desktop/untitled/cmake-build-debug/CMakeFiles/CMakeTmp'


